<?xml version="1.0" encoding="UTF-8"?>
<coverage generated="1608821926640" clover="3.2.0">
  <project timestamp="1608821926641" name="All files">
    <metrics statements="20" coveredstatements="15" conditionals="8" coveredconditionals="5" methods="10" coveredmethods="6" elements="38" coveredelements="26" complexity="0" loc="20" ncloc="20" packages="2" files="2" classes="2"/>
    <package name="actions">
      <metrics statements="10" coveredstatements="8" conditionals="0" coveredconditionals="0" methods="7" coveredmethods="5"/>
      <file name="index.js" path="/mnt/c/Users/camil/Documents/Projects/PokeHunt/src/actions/index.js">
        <metrics statements="10" coveredstatements="8" conditionals="0" coveredconditionals="0" methods="7" coveredmethods="5"/>
        <line num="2" count="0" type="stmt"/>
        <line num="9" count="1" type="stmt"/>
        <line num="16" count="0" type="stmt"/>
        <line num="23" count="1" type="stmt"/>
        <line num="30" count="1" type="stmt"/>
        <line num="36" count="1" type="stmt"/>
        <line num="38" count="1" type="stmt"/>
        <line num="39" count="1" type="stmt"/>
        <line num="40" count="1" type="stmt"/>
        <line num="41" count="1" type="stmt"/>
      </file>
    </package>
    <package name="reducers">
      <metrics statements="10" coveredstatements="7" conditionals="8" coveredconditionals="5" methods="3" coveredmethods="1"/>
      <file name="index.js" path="/mnt/c/Users/camil/Documents/Projects/PokeHunt/src/reducers/index.js">
        <metrics statements="10" coveredstatements="7" conditionals="8" coveredconditionals="5" methods="3" coveredmethods="1"/>
        <line num="1" count="1" type="stmt"/>
        <line num="2" count="4" type="cond" truecount="4" falsecount="2"/>
        <line num="4" count="1" type="stmt"/>
        <line num="5" count="1" type="cond" truecount="1" falsecount="1"/>
        <line num="11" count="0" type="stmt"/>
        <line num="13" count="0" type="stmt"/>
        <line num="16" count="1" type="stmt"/>
        <line num="22" count="1" type="stmt"/>
        <line num="27" count="0" type="stmt"/>
        <line num="33" count="1" type="stmt"/>
      </file>
    </package>
  </project>
</coverage>
