{"/mnt/c/Users/camil/Documents/Projects/PokeHunt/src/actions/index.js": {"path":"/mnt/c/Users/camil/Documents/Projects/PokeHunt/src/actions/index.js","statementMap":{"0":{"start":{"line":2,"column":4},"end":{"line":5,"column":5}},"1":{"start":{"line":9,"column":4},"end":{"line":12,"column":5}},"2":{"start":{"line":16,"column":4},"end":{"line":19,"column":5}},"3":{"start":{"line":23,"column":4},"end":{"line":26,"column":5}},"4":{"start":{"line":30,"column":4},"end":{"line":33,"column":5}},"5":{"start":{"line":36,"column":29},"end":{"line":43,"column":1}},"6":{"start":{"line":38,"column":4},"end":{"line":42,"column":5}},"7":{"start":{"line":39,"column":21},"end":{"line":39,"column":39}},"8":{"start":{"line":40,"column":25},"end":{"line":40,"column":48}},"9":{"start":{"line":41,"column":8},"end":{"line":41,"column":42}}},"fnMap":{"0":{"name":"addPokemon","decl":{"start":{"line":1,"column":16},"end":{"line":1,"column":26}},"loc":{"start":{"line":1,"column":36},"end":{"line":6,"column":1}},"line":1},"1":{"name":"deletePokemon","decl":{"start":{"line":8,"column":16},"end":{"line":8,"column":29}},"loc":{"start":{"line":8,"column":39},"end":{"line":13,"column":1}},"line":8},"2":{"name":"toggleAside","decl":{"start":{"line":15,"column":16},"end":{"line":15,"column":27}},"loc":{"start":{"line":15,"column":37},"end":{"line":20,"column":1}},"line":15},"3":{"name":"setCurrentPage","decl":{"start":{"line":22,"column":16},"end":{"line":22,"column":30}},"loc":{"start":{"line":22,"column":40},"end":{"line":27,"column":1}},"line":22},"4":{"name":"setAllPokemons","decl":{"start":{"line":29,"column":16},"end":{"line":29,"column":30}},"loc":{"start":{"line":29,"column":40},"end":{"line":34,"column":1}},"line":29},"5":{"name":"(anonymous_5)","decl":{"start":{"line":36,"column":29},"end":{"line":36,"column":30}},"loc":{"start":{"line":36,"column":60},"end":{"line":43,"column":1}},"line":36},"6":{"name":"fetchPokemonsThunk","decl":{"start":{"line":38,"column":26},"end":{"line":38,"column":44}},"loc":{"start":{"line":38,"column":55},"end":{"line":42,"column":5}},"line":38}},"branchMap":{},"s":{"0":0,"1":1,"2":0,"3":1,"4":1,"5":1,"6":1,"7":1,"8":1,"9":1},"f":{"0":0,"1":1,"2":0,"3":1,"4":1,"5":1,"6":1},"b":{},"_coverageSchema":"1a1c01bbd47fc00a2c39e90264f33305004495a9","hash":"040230f9d421d9b7b4c06fb4db003ceda91d4886"}
,"/mnt/c/Users/camil/Documents/Projects/PokeHunt/src/reducers/index.js": {"path":"/mnt/c/Users/camil/Documents/Projects/PokeHunt/src/reducers/index.js","statementMap":{"0":{"start":{"line":1,"column":16},"end":{"line":36,"column":1}},"1":{"start":{"line":2,"column":4},"end":{"line":35,"column":5}},"2":{"start":{"line":4,"column":30},"end":{"line":4,"column":100}},"3":{"start":{"line":4,"column":63},"end":{"line":4,"column":99}},"4":{"start":{"line":5,"column":12},"end":{"line":9,"column":13}},"5":{"start":{"line":11,"column":12},"end":{"line":14,"column":13}},"6":{"start":{"line":13,"column":63},"end":{"line":13,"column":94}},"7":{"start":{"line":16,"column":12},"end":{"line":20,"column":13}},"8":{"start":{"line":22,"column":12},"end":{"line":25,"column":13}},"9":{"start":{"line":27,"column":12},"end":{"line":31,"column":13}},"10":{"start":{"line":33,"column":12},"end":{"line":33,"column":24}}},"fnMap":{"0":{"name":"(anonymous_0)","decl":{"start":{"line":1,"column":16},"end":{"line":1,"column":17}},"loc":{"start":{"line":1,"column":35},"end":{"line":36,"column":1}},"line":1},"1":{"name":"(anonymous_1)","decl":{"start":{"line":4,"column":52},"end":{"line":4,"column":53}},"loc":{"start":{"line":4,"column":63},"end":{"line":4,"column":99}},"line":4},"2":{"name":"(anonymous_2)","decl":{"start":{"line":13,"column":52},"end":{"line":13,"column":53}},"loc":{"start":{"line":13,"column":63},"end":{"line":13,"column":94}},"line":13}},"branchMap":{"0":{"loc":{"start":{"line":2,"column":4},"end":{"line":35,"column":5}},"type":"switch","locations":[{"start":{"line":3,"column":8},"end":{"line":9,"column":13}},{"start":{"line":10,"column":8},"end":{"line":14,"column":13}},{"start":{"line":15,"column":8},"end":{"line":20,"column":13}},{"start":{"line":21,"column":8},"end":{"line":25,"column":13}},{"start":{"line":26,"column":8},"end":{"line":31,"column":13}},{"start":{"line":32,"column":8},"end":{"line":33,"column":24}}],"line":2},"1":{"loc":{"start":{"line":5,"column":19},"end":{"line":9,"column":13}},"type":"cond-expr","locations":[{"start":{"line":5,"column":31},"end":{"line":5,"column":36}},{"start":{"line":6,"column":12},"end":{"line":9,"column":13}}],"line":5}},"s":{"0":1,"1":4,"2":1,"3":0,"4":1,"5":0,"6":0,"7":1,"8":1,"9":0,"10":1},"f":{"0":4,"1":0,"2":0},"b":{"0":[1,0,1,1,0,1],"1":[0,1]},"_coverageSchema":"1a1c01bbd47fc00a2c39e90264f33305004495a9","hash":"8f039a0097ab35141c949fe889369d2c45eaa434"}
}
