TN:
SF:src/actions/index.js
FN:1,addPokemon
FN:8,deletePokemon
FN:15,toggleAside
FN:22,setCurrentPage
FN:29,setAllPokemons
FN:36,(anonymous_5)
FN:38,fetchPokemonsThunk
FNF:7
FNH:5
FNDA:0,addPokemon
FNDA:1,deletePokemon
FNDA:0,toggleAside
FNDA:1,setCurrentPage
FNDA:1,setAllPokemons
FNDA:1,(anonymous_5)
FNDA:1,fetchPokemonsThunk
DA:2,0
DA:9,1
DA:16,0
DA:23,1
DA:30,1
DA:36,1
DA:38,1
DA:39,1
DA:40,1
DA:41,1
LF:10
LH:8
BRF:0
BRH:0
end_of_record
TN:
SF:src/reducers/index.js
FN:1,(anonymous_0)
FN:4,(anonymous_1)
FN:13,(anonymous_2)
FNF:3
FNH:1
FNDA:4,(anonymous_0)
FNDA:0,(anonymous_1)
FNDA:0,(anonymous_2)
DA:1,1
DA:2,4
DA:4,1
DA:5,1
DA:11,0
DA:13,0
DA:16,1
DA:22,1
DA:27,0
DA:33,1
LF:10
LH:7
BRDA:2,0,0,1
BRDA:2,0,1,0
BRDA:2,0,2,1
BRDA:2,0,3,1
BRDA:2,0,4,0
BRDA:2,0,5,1
BRDA:5,1,0,0
BRDA:5,1,1,1
BRF:8
BRH:5
end_of_record
